Copyright 1986-2022 Xilinx, Inc. All Rights Reserved. Copyright 2022-2024 Advanced Micro Devices, Inc. All Rights Reserved.
---------------------------------------------------------------------------------------------------------------------------------------------
| Tool Version : Vivado v.2024.2 (lin64) Build 5239630 Fri Nov 08 22:34:34 MST 2024
| Date         : Thu Dec 11 16:52:46 2025
| Host         : pcb07-062-06 running 64-bit unknown
| Command      : upgrade_ip
| Device       : xc7z010clg400-1
---------------------------------------------------------------------------------------------------------------------------------------------

Upgrade Log for IP 'design_1_control_servos_0_3'

1. Summary
----------

SUCCESS in the upgrade of design_1_control_servos_0_3 (user.org:user:control_servos:3.0) from (Rev. 9) to (Rev. 10)






Copyright 1986-2022 Xilinx, Inc. All Rights Reserved. Copyright 2022-2024 Advanced Micro Devices, Inc. All Rights Reserved.
---------------------------------------------------------------------------------------------------------------------------------------------
| Tool Version : Vivado v.2024.2 (lin64) Build 5239630 Fri Nov 08 22:34:34 MST 2024
| Date         : Thu Dec 11 16:11:28 2025
| Host         : pcb07-062-06 running 64-bit unknown
| Command      : upgrade_ip
| Device       : xc7z010clg400-1
---------------------------------------------------------------------------------------------------------------------------------------------

Upgrade Log for IP 'design_1_control_servos_0_3'

1. Summary
----------

SUCCESS in the upgrade of design_1_control_servos_0_3 (user.org:user:control_servos:3.0) from (Rev. 7) to (Rev. 9)






Copyright 1986-2022 Xilinx, Inc. All Rights Reserved. Copyright 2022-2024 Advanced Micro Devices, Inc. All Rights Reserved.
---------------------------------------------------------------------------------------------------------------------------------------------
| Tool Version : Vivado v.2024.2 (lin64) Build 5239630 Fri Nov 08 22:34:34 MST 2024
| Date         : Thu Dec 11 15:30:55 2025
| Host         : pcb07-062-06 running 64-bit unknown
| Command      : upgrade_ip
| Device       : xc7z010clg400-1
---------------------------------------------------------------------------------------------------------------------------------------------

Upgrade Log for IP 'design_1_control_servos_0_3'

1. Summary
----------

SUCCESS in the upgrade of design_1_control_servos_0_3 (user.org:user:control_servos:3.0) from (Rev. 6) to (Rev. 7)

