
*** Running vivado
    with args -log design_1_wrapper.vdi -applog -m64 -product Vivado -messageDb vivado.pb -mode batch -source design_1_wrapper.tcl -notrace


****** Vivado v2024.2 (64-bit)
  **** SW Build 5239630 on Fri Nov 08 22:34:34 MST 2024
  **** IP Build 5239520 on Sun Nov 10 16:12:51 MST 2024
  **** SharedData Build 5239561 on Fri Nov 08 14:39:27 MST 2024
  **** Start of session at: Fri Dec 19 17:42:43 2025
    ** Copyright 1986-2022 Xilinx, Inc. All Rights Reserved.
    ** Copyright 2022-2024 Advanced Micro Devices, Inc. All Rights Reserved.

source design_1_wrapper.tcl -notrace
create_project: Time (s): cpu = 00:00:07 ; elapsed = 00:00:07 . Memory (MB): peak = 1730.785 ; gain = 102.836 ; free physical = 18004 ; free virtual = 38689
INFO: [IP_Flow 19-234] Refreshing IP repositories
INFO: [IP_Flow 19-1700] Loaded user IP repository '/home/master26/ems26/e.chinnaya/Documents/ip_repo/ControlServos_2_1_0'.
INFO: [IP_Flow 19-1700] Loaded user IP repository '/home/master26/ems26/e.chinnaya/Downloads/ip_repo/ControlServos_1_0'.
INFO: [IP_Flow 19-2313] Loaded Vivado IP repository '/usr/local/Xilinx/Vivado/2024.2/data/ip'.
Command: link_design -top design_1_wrapper -part xc7z010clg400-1
Design is defaulting to srcset: sources_1
Design is defaulting to constrset: constrs_1
INFO: [Device 21-403] Loading part xc7z010clg400-1
INFO: [Project 1-454] Reading design checkpoint '/home/master26/ems26/e.chinnaya/Documents/plane_1/plane_1.gen/sources_1/bd/design_1/ip/design_1_ControlServos_2_0_0/design_1_ControlServos_2_0_0.dcp' for cell 'design_1_i/ControlServos_2_0'
INFO: [Project 1-454] Reading design checkpoint '/home/master26/ems26/e.chinnaya/Documents/plane_1/plane_1.gen/sources_1/bd/design_1/ip/design_1_axi_smc_0/design_1_axi_smc_0.dcp' for cell 'design_1_i/axi_smc'
INFO: [Project 1-454] Reading design checkpoint '/home/master26/ems26/e.chinnaya/Documents/plane_1/plane_1.gen/sources_1/bd/design_1/ip/design_1_processing_system7_0_0/design_1_processing_system7_0_0.dcp' for cell 'design_1_i/processing_system7_0'
INFO: [Project 1-454] Reading design checkpoint '/home/master26/ems26/e.chinnaya/Documents/plane_1/plane_1.gen/sources_1/bd/design_1/ip/design_1_rst_ps7_0_50M_0/design_1_rst_ps7_0_50M_0.dcp' for cell 'design_1_i/rst_ps7_0_50M'
Netlist sorting complete. Time (s): cpu = 00:00:00.05 ; elapsed = 00:00:00.05 . Memory (MB): peak = 1969.840 ; gain = 0.000 ; free physical = 17782 ; free virtual = 38467
INFO: [Netlist 29-17] Analyzing 13 Unisim elements for replacement
INFO: [Netlist 29-28] Unisim Transformation completed in 0 CPU seconds
INFO: [Project 1-479] Netlist was created with Vivado 2024.2
INFO: [Project 1-570] Preparing netlist for logic optimization
Parsing XDC File [/home/master26/ems26/e.chinnaya/Documents/plane_1/plane_1.gen/sources_1/bd/design_1/ip/design_1_processing_system7_0_0/design_1_processing_system7_0_0.xdc] for cell 'design_1_i/processing_system7_0/inst'
Finished Parsing XDC File [/home/master26/ems26/e.chinnaya/Documents/plane_1/plane_1.gen/sources_1/bd/design_1/ip/design_1_processing_system7_0_0/design_1_processing_system7_0_0.xdc] for cell 'design_1_i/processing_system7_0/inst'
Parsing XDC File [/home/master26/ems26/e.chinnaya/Documents/plane_1/plane_1.gen/sources_1/bd/design_1/ip/design_1_axi_smc_0/bd_0/ip/ip_1/bd_afc3_psr_aclk_0_board.xdc] for cell 'design_1_i/axi_smc/inst/clk_map/psr_aclk/U0'
Finished Parsing XDC File [/home/master26/ems26/e.chinnaya/Documents/plane_1/plane_1.gen/sources_1/bd/design_1/ip/design_1_axi_smc_0/bd_0/ip/ip_1/bd_afc3_psr_aclk_0_board.xdc] for cell 'design_1_i/axi_smc/inst/clk_map/psr_aclk/U0'
Parsing XDC File [/home/master26/ems26/e.chinnaya/Documents/plane_1/plane_1.gen/sources_1/bd/design_1/ip/design_1_axi_smc_0/bd_0/ip/ip_1/bd_afc3_psr_aclk_0.xdc] for cell 'design_1_i/axi_smc/inst/clk_map/psr_aclk/U0'
Finished Parsing XDC File [/home/master26/ems26/e.chinnaya/Documents/plane_1/plane_1.gen/sources_1/bd/design_1/ip/design_1_axi_smc_0/bd_0/ip/ip_1/bd_afc3_psr_aclk_0.xdc] for cell 'design_1_i/axi_smc/inst/clk_map/psr_aclk/U0'
Parsing XDC File [/home/master26/ems26/e.chinnaya/Documents/plane_1/plane_1.gen/sources_1/bd/design_1/ip/design_1_axi_smc_0/smartconnect.xdc] for cell 'design_1_i/axi_smc/inst'
Finished Parsing XDC File [/home/master26/ems26/e.chinnaya/Documents/plane_1/plane_1.gen/sources_1/bd/design_1/ip/design_1_axi_smc_0/smartconnect.xdc] for cell 'design_1_i/axi_smc/inst'
Parsing XDC File [/home/master26/ems26/e.chinnaya/Documents/plane_1/plane_1.gen/sources_1/bd/design_1/ip/design_1_rst_ps7_0_50M_0/design_1_rst_ps7_0_50M_0_board.xdc] for cell 'design_1_i/rst_ps7_0_50M/U0'
Finished Parsing XDC File [/home/master26/ems26/e.chinnaya/Documents/plane_1/plane_1.gen/sources_1/bd/design_1/ip/design_1_rst_ps7_0_50M_0/design_1_rst_ps7_0_50M_0_board.xdc] for cell 'design_1_i/rst_ps7_0_50M/U0'
Parsing XDC File [/home/master26/ems26/e.chinnaya/Documents/plane_1/plane_1.gen/sources_1/bd/design_1/ip/design_1_rst_ps7_0_50M_0/design_1_rst_ps7_0_50M_0.xdc] for cell 'design_1_i/rst_ps7_0_50M/U0'
Finished Parsing XDC File [/home/master26/ems26/e.chinnaya/Documents/plane_1/plane_1.gen/sources_1/bd/design_1/ip/design_1_rst_ps7_0_50M_0/design_1_rst_ps7_0_50M_0.xdc] for cell 'design_1_i/rst_ps7_0_50M/U0'
Parsing XDC File [/home/master26/ems26/e.chinnaya/Downloads/Plane Project-20251202/plane.xdc]
Finished Parsing XDC File [/home/master26/ems26/e.chinnaya/Downloads/Plane Project-20251202/plane.xdc]
INFO: [Project 1-1714] 14 XPM XDC files have been applied to the design.
INFO: [Opt 31-138] Pushed 0 inverter(s) to 0 load pin(s).
Netlist sorting complete. Time (s): cpu = 00:00:00 ; elapsed = 00:00:00 . Memory (MB): peak = 2213.305 ; gain = 0.000 ; free physical = 17652 ; free virtual = 38337
INFO: [Project 1-111] Unisim Transformation Summary:
No Unisim elements were transformed.

16 Infos, 0 Warnings, 0 Critical Warnings and 0 Errors encountered.
link_design completed successfully
Command: opt_design
Attempting to get a license for feature 'Implementation' and/or device 'xc7z010'
INFO: [Common 17-349] Got license for feature 'Implementation' and/or device 'xc7z010'
Running DRC as a precondition to command opt_design

Starting DRC Task
INFO: [DRC 23-27] Running DRC with 8 threads
INFO: [Project 1-461] DRC finished with 0 Errors
INFO: [Project 1-462] Please refer to the DRC report (report_drc) for more information.

Time (s): cpu = 00:00:02 ; elapsed = 00:00:00.47 . Memory (MB): peak = 2302.555 ; gain = 89.250 ; free physical = 17550 ; free virtual = 38235

Starting Cache Timing Information Task
INFO: [Timing 38-35] Done setting XDC timing constraints.
Ending Cache Timing Information Task | Checksum: 2d4c24d40

Time (s): cpu = 00:00:05 ; elapsed = 00:00:05 . Memory (MB): peak = 2722.383 ; gain = 419.828 ; free physical = 17154 ; free virtual = 37839

Starting Logic Optimization Task

Phase 1 Initialization

Phase 1.1 Core Generation And Design Setup
Phase 1.1 Core Generation And Design Setup | Checksum: 2d4c24d40

Time (s): cpu = 00:00:00.01 ; elapsed = 00:00:00.01 . Memory (MB): peak = 3057.305 ; gain = 0.000 ; free physical = 16815 ; free virtual = 37500

Phase 1.2 Setup Constraints And Sort Netlist
Phase 1.2 Setup Constraints And Sort Netlist | Checksum: 2d4c24d40

Time (s): cpu = 00:00:00.01 ; elapsed = 00:00:00.01 . Memory (MB): peak = 3057.305 ; gain = 0.000 ; free physical = 16815 ; free virtual = 37500
Phase 1 Initialization | Checksum: 2d4c24d40

Time (s): cpu = 00:00:00.01 ; elapsed = 00:00:00.01 . Memory (MB): peak = 3057.305 ; gain = 0.000 ; free physical = 16815 ; free virtual = 37500

Phase 2 Timer Update And Timing Data Collection

Phase 2.1 Timer Update
Phase 2.1 Timer Update | Checksum: 2d4c24d40

Time (s): cpu = 00:00:00.04 ; elapsed = 00:00:00.03 . Memory (MB): peak = 3057.305 ; gain = 0.000 ; free physical = 16815 ; free virtual = 37500

Phase 2.2 Timing Data Collection
Phase 2.2 Timing Data Collection | Checksum: 2d4c24d40

Time (s): cpu = 00:00:00.05 ; elapsed = 00:00:00.04 . Memory (MB): peak = 3057.305 ; gain = 0.000 ; free physical = 16807 ; free virtual = 37492
Phase 2 Timer Update And Timing Data Collection | Checksum: 2d4c24d40

Time (s): cpu = 00:00:00.05 ; elapsed = 00:00:00.04 . Memory (MB): peak = 3057.305 ; gain = 0.000 ; free physical = 16807 ; free virtual = 37492

Phase 3 Retarget
INFO: [Opt 31-1851] Number of loadless carry chains removed were: 0
INFO: [Opt 31-1834] Total Chains To Be Transformed Were: 0 AND Number of Transformed insts Created are: 0
INFO: [Opt 31-138] Pushed 10 inverter(s) to 39 load pin(s).
INFO: [Opt 31-49] Retargeted 0 cell(s).
Phase 3 Retarget | Checksum: 2fdbabcee

Time (s): cpu = 00:00:00.17 ; elapsed = 00:00:00.09 . Memory (MB): peak = 3057.305 ; gain = 0.000 ; free physical = 16807 ; free virtual = 37492
Retarget | Checksum: 2fdbabcee
INFO: [Opt 31-389] Phase Retarget created 8 cells and removed 43 cells
INFO: [Opt 31-1021] In phase Retarget, 20 netlist objects are constrained preventing optimization. Please run opt_design with -debug_log to get more detail. 

Phase 4 Constant propagation
INFO: [Opt 31-138] Pushed 1 inverter(s) to 4 load pin(s).
Phase 4 Constant propagation | Checksum: 2ebf5691a

Time (s): cpu = 00:00:00.18 ; elapsed = 00:00:00.1 . Memory (MB): peak = 3057.305 ; gain = 0.000 ; free physical = 16807 ; free virtual = 37492
Constant propagation | Checksum: 2ebf5691a
INFO: [Opt 31-389] Phase Constant propagation created 7 cells and removed 17 cells
INFO: [Opt 31-1021] In phase Constant propagation, 20 netlist objects are constrained preventing optimization. Please run opt_design with -debug_log to get more detail. 

Phase 5 Sweep
INFO: [Constraints 18-11670] Building netlist checker database with flags, 0x8
Done building netlist checker database: Time (s): cpu = 00:00:00.01 ; elapsed = 00:00:00 . Memory (MB): peak = 3057.305 ; gain = 0.000 ; free physical = 16807 ; free virtual = 37492
INFO: [Constraints 18-11670] Building netlist checker database with flags, 0x8
Done building netlist checker database: Time (s): cpu = 00:00:00.01 ; elapsed = 00:00:00 . Memory (MB): peak = 3057.305 ; gain = 0.000 ; free physical = 16806 ; free virtual = 37491
Phase 5 Sweep | Checksum: 2fe3a5d06

Time (s): cpu = 00:00:00.43 ; elapsed = 00:00:00.35 . Memory (MB): peak = 3057.305 ; gain = 0.000 ; free physical = 16806 ; free virtual = 37491
Sweep | Checksum: 2fe3a5d06
INFO: [Opt 31-389] Phase Sweep created 0 cells and removed 71 cells
INFO: [Opt 31-1021] In phase Sweep, 25 netlist objects are constrained preventing optimization. Please run opt_design with -debug_log to get more detail. 

Phase 6 BUFG optimization
Phase 6 BUFG optimization | Checksum: 2fe3a5d06

Time (s): cpu = 00:00:00.45 ; elapsed = 00:00:00.36 . Memory (MB): peak = 3089.320 ; gain = 32.016 ; free physical = 16806 ; free virtual = 37491
BUFG optimization | Checksum: 2fe3a5d06
INFO: [Opt 31-662] Phase BUFG optimization created 0 cells of which 0 are BUFGs and removed 0 cells.

Phase 7 Shift Register Optimization
INFO: [Opt 31-1064] SRL Remap converted 0 SRLs to 0 registers and converted 0 registers of register chains to 0 SRLs
Phase 7 Shift Register Optimization | Checksum: 2fe3a5d06

Time (s): cpu = 00:00:00.45 ; elapsed = 00:00:00.37 . Memory (MB): peak = 3089.320 ; gain = 32.016 ; free physical = 16806 ; free virtual = 37491
Shift Register Optimization | Checksum: 2fe3a5d06
INFO: [Opt 31-389] Phase Shift Register Optimization created 0 cells and removed 0 cells

Phase 8 Post Processing Netlist
Phase 8 Post Processing Netlist | Checksum: 2c6affcc6

Time (s): cpu = 00:00:00.46 ; elapsed = 00:00:00.37 . Memory (MB): peak = 3089.320 ; gain = 32.016 ; free physical = 16806 ; free virtual = 37491
Post Processing Netlist | Checksum: 2c6affcc6
INFO: [Opt 31-389] Phase Post Processing Netlist created 0 cells and removed 0 cells
INFO: [Opt 31-1021] In phase Post Processing Netlist, 20 netlist objects are constrained preventing optimization. Please run opt_design with -debug_log to get more detail. 

Phase 9 Finalization

Phase 9.1 Finalizing Design Cores and Updating Shapes
Phase 9.1 Finalizing Design Cores and Updating Shapes | Checksum: 1e3035899

Time (s): cpu = 00:00:00.55 ; elapsed = 00:00:00.41 . Memory (MB): peak = 3089.320 ; gain = 32.016 ; free physical = 16806 ; free virtual = 37491

Phase 9.2 Verifying Netlist Connectivity

Starting Connectivity Check Task

Time (s): cpu = 00:00:00.02 ; elapsed = 00:00:00.01 . Memory (MB): peak = 3089.320 ; gain = 0.000 ; free physical = 16806 ; free virtual = 37491
Phase 9.2 Verifying Netlist Connectivity | Checksum: 1e3035899

Time (s): cpu = 00:00:00.58 ; elapsed = 00:00:00.42 . Memory (MB): peak = 3089.320 ; gain = 32.016 ; free physical = 16806 ; free virtual = 37491
Phase 9 Finalization | Checksum: 1e3035899

Time (s): cpu = 00:00:00.58 ; elapsed = 00:00:00.42 . Memory (MB): peak = 3089.320 ; gain = 32.016 ; free physical = 16806 ; free virtual = 37491
Opt_design Change Summary
=========================


-------------------------------------------------------------------------------------------------------------------------
|  Phase                        |  #Cells created  |  #Cells Removed  |  #Constrained objects preventing optimizations  |
-------------------------------------------------------------------------------------------------------------------------
|  Retarget                     |               8  |              43  |                                             20  |
|  Constant propagation         |               7  |              17  |                                             20  |
|  Sweep                        |               0  |              71  |                                             25  |
|  BUFG optimization            |               0  |               0  |                                              0  |
|  Shift Register Optimization  |               0  |               0  |                                              0  |
|  Post Processing Netlist      |               0  |               0  |                                             20  |
-------------------------------------------------------------------------------------------------------------------------


Ending Logic Optimization Task | Checksum: 1e3035899

Time (s): cpu = 00:00:00.59 ; elapsed = 00:00:00.42 . Memory (MB): peak = 3089.320 ; gain = 32.016 ; free physical = 16806 ; free virtual = 37491

Starting Power Optimization Task
INFO: [Pwropt 34-132] Skipping clock gating for clocks with a period < 2.00 ns.
Ending Power Optimization Task | Checksum: 1e3035899

Time (s): cpu = 00:00:00 ; elapsed = 00:00:00 . Memory (MB): peak = 3089.320 ; gain = 0.000 ; free physical = 16802 ; free virtual = 37487

Starting Final Cleanup Task
Ending Final Cleanup Task | Checksum: 1e3035899

Time (s): cpu = 00:00:00.01 ; elapsed = 00:00:00 . Memory (MB): peak = 3089.320 ; gain = 0.000 ; free physical = 16802 ; free virtual = 37487

Starting Netlist Obfuscation Task
Netlist sorting complete. Time (s): cpu = 00:00:00 ; elapsed = 00:00:00 . Memory (MB): peak = 3089.320 ; gain = 0.000 ; free physical = 16802 ; free virtual = 37487
Ending Netlist Obfuscation Task | Checksum: 1e3035899

Time (s): cpu = 00:00:00 ; elapsed = 00:00:00.01 . Memory (MB): peak = 3089.320 ; gain = 0.000 ; free physical = 16802 ; free virtual = 37487
INFO: [Common 17-83] Releasing license: Implementation
41 Infos, 0 Warnings, 0 Critical Warnings and 0 Errors encountered.
opt_design completed successfully
opt_design: Time (s): cpu = 00:00:09 ; elapsed = 00:00:08 . Memory (MB): peak = 3089.320 ; gain = 876.016 ; free physical = 16802 ; free virtual = 37487
INFO: [Vivado 12-24828] Executing command : report_drc -file design_1_wrapper_drc_opted.rpt -pb design_1_wrapper_drc_opted.pb -rpx design_1_wrapper_drc_opted.rpx
Command: report_drc -file design_1_wrapper_drc_opted.rpt -pb design_1_wrapper_drc_opted.pb -rpx design_1_wrapper_drc_opted.rpx
INFO: [IP_Flow 19-1839] IP Catalog is up to date.
INFO: [DRC 23-27] Running DRC with 8 threads
INFO: [Vivado_Tcl 2-168] The results of DRC are in file /home/master26/ems26/e.chinnaya/Documents/plane_1/plane_1.runs/impl_1/design_1_wrapper_drc_opted.rpt.
report_drc completed successfully
INFO: [Timing 38-480] Writing timing data to binary archive.
Write ShapeDB Complete: Time (s): cpu = 00:00:00.01 ; elapsed = 00:00:00 . Memory (MB): peak = 3089.320 ; gain = 0.000 ; free physical = 16777 ; free virtual = 37462
Wrote PlaceDB: Time (s): cpu = 00:00:00.02 ; elapsed = 00:00:00.01 . Memory (MB): peak = 3089.320 ; gain = 0.000 ; free physical = 16777 ; free virtual = 37462
Wrote PulsedLatchDB: Time (s): cpu = 00:00:00 ; elapsed = 00:00:00 . Memory (MB): peak = 3089.320 ; gain = 0.000 ; free physical = 16777 ; free virtual = 37462
Writing XDEF routing.
Writing XDEF routing logical nets.
Writing XDEF routing special nets.
Wrote RouteStorage: Time (s): cpu = 00:00:00.06 ; elapsed = 00:00:00.01 . Memory (MB): peak = 3089.320 ; gain = 0.000 ; free physical = 16777 ; free virtual = 37463
Wrote Netlist Cache: Time (s): cpu = 00:00:00 ; elapsed = 00:00:00 . Memory (MB): peak = 3089.320 ; gain = 0.000 ; free physical = 16777 ; free virtual = 37463
Wrote Device Cache: Time (s): cpu = 00:00:00.02 ; elapsed = 00:00:00 . Memory (MB): peak = 3089.320 ; gain = 0.000 ; free physical = 16775 ; free virtual = 37462
Write Physdb Complete: Time (s): cpu = 00:00:00.19 ; elapsed = 00:00:00.06 . Memory (MB): peak = 3089.320 ; gain = 0.000 ; free physical = 16773 ; free virtual = 37459
INFO: [Common 17-1381] The checkpoint '/home/master26/ems26/e.chinnaya/Documents/plane_1/plane_1.runs/impl_1/design_1_wrapper_opt.dcp' has been generated.
Command: place_design
Attempting to get a license for feature 'Implementation' and/or device 'xc7z010'
INFO: [Common 17-349] Got license for feature 'Implementation' and/or device 'xc7z010'
INFO: [Common 17-83] Releasing license: Implementation
INFO: [DRC 23-27] Running DRC with 8 threads
INFO: [Vivado_Tcl 4-198] DRC finished with 0 Errors
INFO: [Vivado_Tcl 4-199] Please refer to the DRC report (report_drc) for more information.
Running DRC as a precondition to command place_design
INFO: [DRC 23-27] Running DRC with 8 threads
INFO: [Vivado_Tcl 4-198] DRC finished with 0 Errors
INFO: [Vivado_Tcl 4-199] Please refer to the DRC report (report_drc) for more information.
INFO: [Place 30-611] Multithreading enabled for place_design using a maximum of 8 CPUs

Starting Placer Task

Phase 1 Placer Initialization

Phase 1.1 Placer Initialization Netlist Sorting
Netlist sorting complete. Time (s): cpu = 00:00:00 ; elapsed = 00:00:00 . Memory (MB): peak = 3150.477 ; gain = 0.000 ; free physical = 16729 ; free virtual = 37415
Phase 1.1 Placer Initialization Netlist Sorting | Checksum: 188a35357

Time (s): cpu = 00:00:00.01 ; elapsed = 00:00:00.01 . Memory (MB): peak = 3150.477 ; gain = 0.000 ; free physical = 16729 ; free virtual = 37415
Netlist sorting complete. Time (s): cpu = 00:00:00 ; elapsed = 00:00:00 . Memory (MB): peak = 3150.477 ; gain = 0.000 ; free physical = 16729 ; free virtual = 37415

Phase 1.2 IO Placement/ Clock Placement/ Build Placer Device
INFO: [Timing 38-35] Done setting XDC timing constraints.
Phase 1.2 IO Placement/ Clock Placement/ Build Placer Device | Checksum: 1c8694420

Time (s): cpu = 00:00:00.58 ; elapsed = 00:00:00.25 . Memory (MB): peak = 3150.477 ; gain = 0.000 ; free physical = 16726 ; free virtual = 37412

Phase 1.3 Build Placer Netlist Model
Phase 1.3 Build Placer Netlist Model | Checksum: 193091592

Time (s): cpu = 00:00:01 ; elapsed = 00:00:00.39 . Memory (MB): peak = 3189.520 ; gain = 39.043 ; free physical = 16726 ; free virtual = 37411

Phase 1.4 Constrain Clocks/Macros
Phase 1.4 Constrain Clocks/Macros | Checksum: 193091592

Time (s): cpu = 00:00:01 ; elapsed = 00:00:00.39 . Memory (MB): peak = 3189.520 ; gain = 39.043 ; free physical = 16726 ; free virtual = 37411
Phase 1 Placer Initialization | Checksum: 193091592

Time (s): cpu = 00:00:01 ; elapsed = 00:00:00.39 . Memory (MB): peak = 3189.520 ; gain = 39.043 ; free physical = 16726 ; free virtual = 37411

Phase 2 Global Placement

Phase 2.1 Floorplanning
Phase 2.1 Floorplanning | Checksum: 1385de47c

Time (s): cpu = 00:00:01 ; elapsed = 00:00:00.44 . Memory (MB): peak = 3189.520 ; gain = 39.043 ; free physical = 16736 ; free virtual = 37421

Phase 2.2 Update Timing before SLR Path Opt
Phase 2.2 Update Timing before SLR Path Opt | Checksum: 1f7625fbb

Time (s): cpu = 00:00:01 ; elapsed = 00:00:00.47 . Memory (MB): peak = 3189.520 ; gain = 39.043 ; free physical = 16741 ; free virtual = 37426

Phase 2.3 Post-Processing in Floorplanning
Phase 2.3 Post-Processing in Floorplanning | Checksum: 1f7625fbb

Time (s): cpu = 00:00:01 ; elapsed = 00:00:00.48 . Memory (MB): peak = 3189.520 ; gain = 39.043 ; free physical = 16741 ; free virtual = 37426

Phase 2.4 Global Place Phase1
Phase 2.4 Global Place Phase1 | Checksum: 17c1b05dc

Time (s): cpu = 00:00:03 ; elapsed = 00:00:00.89 . Memory (MB): peak = 3189.520 ; gain = 39.043 ; free physical = 16759 ; free virtual = 37444

Phase 2.5 Global Place Phase2

Phase 2.5.1 UpdateTiming Before Physical Synthesis
Phase 2.5.1 UpdateTiming Before Physical Synthesis | Checksum: 1d5e0f1f3

Time (s): cpu = 00:00:03 ; elapsed = 00:00:00.94 . Memory (MB): peak = 3189.520 ; gain = 39.043 ; free physical = 16758 ; free virtual = 37444

Phase 2.5.2 Physical Synthesis In Placer
INFO: [Physopt 32-1035] Found 0 LUTNM shape to break, 63 LUT instances to create LUTNM shape
INFO: [Physopt 32-1044] Break lutnm for timing: one critical 0, two critical 0, total 0, new lutff created 0
INFO: [Physopt 32-1138] End 1 Pass. Optimized 17 nets or LUTs. Breaked 0 LUT, combined 17 existing LUTs and moved 0 existing LUT
INFO: [Physopt 32-65] No nets found for high-fanout optimization.
INFO: [Physopt 32-232] Optimized 0 net. Created 0 new instance.
INFO: [Physopt 32-775] End 1 Pass. Optimized 0 net or cell. Created 0 new cell, deleted 0 existing cell and moved 0 existing cell
INFO: [Physopt 32-670] No setup violation found.  DSP Register Optimization was not performed.
INFO: [Physopt 32-670] No setup violation found.  Shift Register to Pipeline Optimization was not performed.
INFO: [Physopt 32-670] No setup violation found.  Shift Register Optimization was not performed.
INFO: [Physopt 32-670] No setup violation found.  BRAM Register Optimization was not performed.
INFO: [Physopt 32-670] No setup violation found.  URAM Register Optimization was not performed.
INFO: [Physopt 32-949] No candidate nets found for dynamic/static region interface net replication
INFO: [Physopt 32-775] End 1 Pass. Optimized 0 net or cell. Created 0 new cell, deleted 0 existing cell and moved 0 existing cell
Netlist sorting complete. Time (s): cpu = 00:00:00 ; elapsed = 00:00:00 . Memory (MB): peak = 3189.520 ; gain = 0.000 ; free physical = 16758 ; free virtual = 37444

Summary of Physical Synthesis Optimizations
============================================


-----------------------------------------------------------------------------------------------------------------------------------------------------------
|  Optimization                                     |  Added Cells  |  Removed Cells  |  Optimized Cells/Nets  |  Dont Touch  |  Iterations  |  Elapsed   |
-----------------------------------------------------------------------------------------------------------------------------------------------------------
|  LUT Combining                                    |            0  |             17  |                    17  |           0  |           1  |  00:00:00  |
|  Retime                                           |            0  |              0  |                     0  |           0  |           1  |  00:00:00  |
|  Very High Fanout                                 |            0  |              0  |                     0  |           0  |           1  |  00:00:00  |
|  DSP Register                                     |            0  |              0  |                     0  |           0  |           0  |  00:00:00  |
|  Shift Register to Pipeline                       |            0  |              0  |                     0  |           0  |           0  |  00:00:00  |
|  Shift Register                                   |            0  |              0  |                     0  |           0  |           0  |  00:00:00  |
|  BRAM Register                                    |            0  |              0  |                     0  |           0  |           0  |  00:00:00  |
|  URAM Register                                    |            0  |              0  |                     0  |           0  |           0  |  00:00:00  |
|  Dynamic/Static Region Interface Net Replication  |            0  |              0  |                     0  |           0  |           1  |  00:00:00  |
|  Total                                            |            0  |             17  |                    17  |           0  |           4  |  00:00:00  |
-----------------------------------------------------------------------------------------------------------------------------------------------------------


Phase 2.5.2 Physical Synthesis In Placer | Checksum: 1fd2bf26d

Time (s): cpu = 00:00:04 ; elapsed = 00:00:01 . Memory (MB): peak = 3189.520 ; gain = 39.043 ; free physical = 16758 ; free virtual = 37444
Phase 2.5 Global Place Phase2 | Checksum: 21a3a189f

Time (s): cpu = 00:00:04 ; elapsed = 00:00:01 . Memory (MB): peak = 3189.520 ; gain = 39.043 ; free physical = 16758 ; free virtual = 37444
Phase 2 Global Placement | Checksum: 21a3a189f

Time (s): cpu = 00:00:04 ; elapsed = 00:00:01 . Memory (MB): peak = 3189.520 ; gain = 39.043 ; free physical = 16758 ; free virtual = 37444

Phase 3 Detail Placement

Phase 3.1 Commit Multi Column Macros
Phase 3.1 Commit Multi Column Macros | Checksum: 1c23553ae

Time (s): cpu = 00:00:04 ; elapsed = 00:00:01 . Memory (MB): peak = 3189.520 ; gain = 39.043 ; free physical = 16758 ; free virtual = 37444

Phase 3.2 Commit Most Macros & LUTRAMs
Phase 3.2 Commit Most Macros & LUTRAMs | Checksum: 1b27502ae

Time (s): cpu = 00:00:04 ; elapsed = 00:00:01 . Memory (MB): peak = 3189.520 ; gain = 39.043 ; free physical = 16758 ; free virtual = 37443

Phase 3.3 Area Swap Optimization
Phase 3.3 Area Swap Optimization | Checksum: 23171b1f8

Time (s): cpu = 00:00:04 ; elapsed = 00:00:01 . Memory (MB): peak = 3189.520 ; gain = 39.043 ; free physical = 16758 ; free virtual = 37443

Phase 3.4 Pipeline Register Optimization
Phase 3.4 Pipeline Register Optimization | Checksum: 197904c15

Time (s): cpu = 00:00:05 ; elapsed = 00:00:01 . Memory (MB): peak = 3189.520 ; gain = 39.043 ; free physical = 16758 ; free virtual = 37443

Phase 3.5 Small Shape Detail Placement
Phase 3.5 Small Shape Detail Placement | Checksum: 2153ac0ce

Time (s): cpu = 00:00:05 ; elapsed = 00:00:02 . Memory (MB): peak = 3189.520 ; gain = 39.043 ; free physical = 16756 ; free virtual = 37441

Phase 3.6 Re-assign LUT pins
Phase 3.6 Re-assign LUT pins | Checksum: 234cad5e1

Time (s): cpu = 00:00:05 ; elapsed = 00:00:02 . Memory (MB): peak = 3189.520 ; gain = 39.043 ; free physical = 16756 ; free virtual = 37441

Phase 3.7 Pipeline Register Optimization
Phase 3.7 Pipeline Register Optimization | Checksum: 18bed27f4

Time (s): cpu = 00:00:05 ; elapsed = 00:00:02 . Memory (MB): peak = 3189.520 ; gain = 39.043 ; free physical = 16756 ; free virtual = 37441
Phase 3 Detail Placement | Checksum: 18bed27f4

Time (s): cpu = 00:00:05 ; elapsed = 00:00:02 . Memory (MB): peak = 3189.520 ; gain = 39.043 ; free physical = 16756 ; free virtual = 37441

Phase 4 Post Placement Optimization and Clean-Up

Phase 4.1 Post Commit Optimization
INFO: [Timing 38-35] Done setting XDC timing constraints.

Phase 4.1.1 Post Placement Optimization
Post Placement Optimization Initialization | Checksum: 15523da07

Phase 4.1.1.1 BUFG Insertion

Starting Physical Synthesis Task

Phase 1 Physical Synthesis Initialization
INFO: [Physopt 32-721] Multithreading enabled for phys_opt_design using a maximum of 8 CPUs
INFO: [Physopt 32-619] Estimated Timing Summary | WNS=13.566 | TNS=0.000 |
Phase 1 Physical Synthesis Initialization | Checksum: f061d727

Time (s): cpu = 00:00:00.09 ; elapsed = 00:00:00.03 . Memory (MB): peak = 3189.520 ; gain = 0.000 ; free physical = 16756 ; free virtual = 37441
INFO: [Place 46-56] BUFG insertion identified 0 candidate nets. Inserted BUFG: 0, Replicated BUFG Driver: 0, Skipped due to Placement/Routing Conflicts: 0, Skipped due to Timing Degradation: 0, Skipped due to netlist editing failed: 0.
Ending Physical Synthesis Task | Checksum: 184396ba6

Time (s): cpu = 00:00:00.1 ; elapsed = 00:00:00.03 . Memory (MB): peak = 3189.520 ; gain = 0.000 ; free physical = 16756 ; free virtual = 37441
Phase 4.1.1.1 BUFG Insertion | Checksum: 15523da07

Time (s): cpu = 00:00:06 ; elapsed = 00:00:02 . Memory (MB): peak = 3189.520 ; gain = 39.043 ; free physical = 16756 ; free virtual = 37441

Phase 4.1.1.2 Post Placement Timing Optimization
INFO: [Place 30-746] Post Placement Timing Summary WNS=13.566. For the most accurate timing information please run report_timing.
Phase 4.1.1.2 Post Placement Timing Optimization | Checksum: 1e8c4008f

Time (s): cpu = 00:00:06 ; elapsed = 00:00:02 . Memory (MB): peak = 3189.520 ; gain = 39.043 ; free physical = 16756 ; free virtual = 37441

Time (s): cpu = 00:00:06 ; elapsed = 00:00:02 . Memory (MB): peak = 3189.520 ; gain = 39.043 ; free physical = 16756 ; free virtual = 37441
Phase 4.1 Post Commit Optimization | Checksum: 1e8c4008f

Time (s): cpu = 00:00:06 ; elapsed = 00:00:02 . Memory (MB): peak = 3189.520 ; gain = 39.043 ; free physical = 16756 ; free virtual = 37441

Phase 4.2 Post Placement Cleanup
Phase 4.2 Post Placement Cleanup | Checksum: 1e8c4008f

Time (s): cpu = 00:00:06 ; elapsed = 00:00:02 . Memory (MB): peak = 3189.520 ; gain = 39.043 ; free physical = 16756 ; free virtual = 37441

Phase 4.3 Placer Reporting

Phase 4.3.1 Print Estimated Congestion
INFO: [Place 30-612] Post-Placement Estimated Congestion 
 ____________________________________________________
|           | Global Congestion | Short Congestion  |
| Direction | Region Size       | Region Size       |
|___________|___________________|___________________|
|      North|                1x1|                1x1|
|___________|___________________|___________________|
|      South|                1x1|                1x1|
|___________|___________________|___________________|
|       East|                1x1|                1x1|
|___________|___________________|___________________|
|       West|                1x1|                1x1|
|___________|___________________|___________________|

Phase 4.3.1 Print Estimated Congestion | Checksum: 1e8c4008f

Time (s): cpu = 00:00:06 ; elapsed = 00:00:02 . Memory (MB): peak = 3189.520 ; gain = 39.043 ; free physical = 16756 ; free virtual = 37441
Phase 4.3 Placer Reporting | Checksum: 1e8c4008f

Time (s): cpu = 00:00:06 ; elapsed = 00:00:02 . Memory (MB): peak = 3189.520 ; gain = 39.043 ; free physical = 16756 ; free virtual = 37441

Phase 4.4 Final Placement Cleanup
Netlist sorting complete. Time (s): cpu = 00:00:00 ; elapsed = 00:00:00 . Memory (MB): peak = 3189.520 ; gain = 0.000 ; free physical = 16756 ; free virtual = 37441

Time (s): cpu = 00:00:06 ; elapsed = 00:00:02 . Memory (MB): peak = 3189.520 ; gain = 39.043 ; free physical = 16756 ; free virtual = 37441
Phase 4 Post Placement Optimization and Clean-Up | Checksum: 229cdbdaf

Time (s): cpu = 00:00:06 ; elapsed = 00:00:02 . Memory (MB): peak = 3189.520 ; gain = 39.043 ; free physical = 16756 ; free virtual = 37441
Ending Placer Task | Checksum: 16ae32384

Time (s): cpu = 00:00:06 ; elapsed = 00:00:02 . Memory (MB): peak = 3189.520 ; gain = 39.043 ; free physical = 16756 ; free virtual = 37441
76 Infos, 0 Warnings, 0 Critical Warnings and 0 Errors encountered.
place_design completed successfully
INFO: [Vivado 12-24838] Running report commands "report_control_sets, report_io, report_utilization" in parallel.
Running report generation with 3 threads.
INFO: [Vivado 12-24828] Executing command : report_utilization -file design_1_wrapper_utilization_placed.rpt -pb design_1_wrapper_utilization_placed.pb
INFO: [Vivado 12-24828] Executing command : report_control_sets -verbose -file design_1_wrapper_control_sets_placed.rpt
report_control_sets: Time (s): cpu = 00:00:00.01 ; elapsed = 00:00:00.01 . Memory (MB): peak = 3189.520 ; gain = 0.000 ; free physical = 16756 ; free virtual = 37441
INFO: [Vivado 12-24828] Executing command : report_io -file design_1_wrapper_io_placed.rpt
report_io: Time (s): cpu = 00:00:00.1 ; elapsed = 00:00:00.07 . Memory (MB): peak = 3189.520 ; gain = 0.000 ; free physical = 16755 ; free virtual = 37441
INFO: [Timing 38-480] Writing timing data to binary archive.
Write ShapeDB Complete: Time (s): cpu = 00:00:00 ; elapsed = 00:00:00.01 . Memory (MB): peak = 3189.520 ; gain = 0.000 ; free physical = 16754 ; free virtual = 37440
Wrote PlaceDB: Time (s): cpu = 00:00:00.15 ; elapsed = 00:00:00.04 . Memory (MB): peak = 3189.520 ; gain = 0.000 ; free physical = 16753 ; free virtual = 37440
Wrote PulsedLatchDB: Time (s): cpu = 00:00:00 ; elapsed = 00:00:00 . Memory (MB): peak = 3189.520 ; gain = 0.000 ; free physical = 16751 ; free virtual = 37439
Writing XDEF routing.
Writing XDEF routing logical nets.
Writing XDEF routing special nets.
Wrote RouteStorage: Time (s): cpu = 00:00:00.05 ; elapsed = 00:00:00.01 . Memory (MB): peak = 3189.520 ; gain = 0.000 ; free physical = 16751 ; free virtual = 37438
Wrote Netlist Cache: Time (s): cpu = 00:00:00 ; elapsed = 00:00:00.01 . Memory (MB): peak = 3189.520 ; gain = 0.000 ; free physical = 16751 ; free virtual = 37438
Wrote Device Cache: Time (s): cpu = 00:00:00.01 ; elapsed = 00:00:00.01 . Memory (MB): peak = 3189.520 ; gain = 0.000 ; free physical = 16750 ; free virtual = 37439
Write Physdb Complete: Time (s): cpu = 00:00:00.29 ; elapsed = 00:00:00.11 . Memory (MB): peak = 3189.520 ; gain = 0.000 ; free physical = 16749 ; free virtual = 37438
INFO: [Common 17-1381] The checkpoint '/home/master26/ems26/e.chinnaya/Documents/plane_1/plane_1.runs/impl_1/design_1_wrapper_placed.dcp' has been generated.
Command: phys_opt_design
Attempting to get a license for feature 'Implementation' and/or device 'xc7z010'
INFO: [Common 17-349] Got license for feature 'Implementation' and/or device 'xc7z010'

Starting Initial Update Timing Task

Time (s): cpu = 00:00:00.17 ; elapsed = 00:00:00.07 . Memory (MB): peak = 3189.520 ; gain = 0.000 ; free physical = 16750 ; free virtual = 37436
INFO: [Vivado_Tcl 4-2279] Estimated Timing Summary | WNS= 13.566 | TNS= 0.000 | 
INFO: [Vivado_Tcl 4-383] Design worst setup slack (WNS) is greater than or equal to 0.000 ns. All physical synthesis setup optimizations will be skipped.
INFO: [Vivado_Tcl 4-232] No setup violation found. The netlist was not modified.
INFO: [Common 17-83] Releasing license: Implementation
87 Infos, 0 Warnings, 0 Critical Warnings and 0 Errors encountered.
phys_opt_design completed successfully
INFO: [Timing 38-480] Writing timing data to binary archive.
Write ShapeDB Complete: Time (s): cpu = 00:00:00.01 ; elapsed = 00:00:00 . Memory (MB): peak = 3189.520 ; gain = 0.000 ; free physical = 16750 ; free virtual = 37436
Wrote PlaceDB: Time (s): cpu = 00:00:00.16 ; elapsed = 00:00:00.04 . Memory (MB): peak = 3189.520 ; gain = 0.000 ; free physical = 16748 ; free virtual = 37435
Wrote PulsedLatchDB: Time (s): cpu = 00:00:00 ; elapsed = 00:00:00 . Memory (MB): peak = 3189.520 ; gain = 0.000 ; free physical = 16748 ; free virtual = 37435
Writing XDEF routing.
Writing XDEF routing logical nets.
Writing XDEF routing special nets.
Wrote RouteStorage: Time (s): cpu = 00:00:00.05 ; elapsed = 00:00:00.02 . Memory (MB): peak = 3189.520 ; gain = 0.000 ; free physical = 16746 ; free virtual = 37433
Wrote Netlist Cache: Time (s): cpu = 00:00:00.01 ; elapsed = 00:00:00 . Memory (MB): peak = 3189.520 ; gain = 0.000 ; free physical = 16746 ; free virtual = 37433
Wrote Device Cache: Time (s): cpu = 00:00:00.01 ; elapsed = 00:00:00 . Memory (MB): peak = 3189.520 ; gain = 0.000 ; free physical = 16744 ; free virtual = 37432
Write Physdb Complete: Time (s): cpu = 00:00:00.3 ; elapsed = 00:00:00.11 . Memory (MB): peak = 3189.520 ; gain = 0.000 ; free physical = 16744 ; free virtual = 37432
INFO: [Common 17-1381] The checkpoint '/home/master26/ems26/e.chinnaya/Documents/plane_1/plane_1.runs/impl_1/design_1_wrapper_physopt.dcp' has been generated.
Command: route_design
Attempting to get a license for feature 'Implementation' and/or device 'xc7z010'
INFO: [Common 17-349] Got license for feature 'Implementation' and/or device 'xc7z010'


Starting Routing Task
INFO: [Route 35-254] Multithreading enabled for route_design using a maximum of 8 CPUs

Phase 1 Build RT Design
Checksum: PlaceDB: 5589b0f7 ConstDB: 0 ShapeSum: abc11b62 RouteDB: 6998572b
Post Restoration Checksum: NetGraph: 1afd795b | NumContArr: 2d08b7be | Constraints: c2a8fa9d | Timing: c2a8fa9d
Phase 1 Build RT Design | Checksum: 1cd582653

Time (s): cpu = 00:00:08 ; elapsed = 00:00:07 . Memory (MB): peak = 3212.504 ; gain = 22.984 ; free physical = 16676 ; free virtual = 37362

Phase 2 Router Initialization

Phase 2.1 Fix Topology Constraints
Phase 2.1 Fix Topology Constraints | Checksum: 1cd582653

Time (s): cpu = 00:00:08 ; elapsed = 00:00:07 . Memory (MB): peak = 3212.504 ; gain = 22.984 ; free physical = 16676 ; free virtual = 37362

Phase 2.2 Pre Route Cleanup
Phase 2.2 Pre Route Cleanup | Checksum: 1cd582653

Time (s): cpu = 00:00:08 ; elapsed = 00:00:07 . Memory (MB): peak = 3212.504 ; gain = 22.984 ; free physical = 16676 ; free virtual = 37362
 Number of Nodes with overlaps = 0

Phase 2.3 Update Timing
Phase 2.3 Update Timing | Checksum: 1e925ec09

Time (s): cpu = 00:00:08 ; elapsed = 00:00:07 . Memory (MB): peak = 3240.566 ; gain = 51.047 ; free physical = 16661 ; free virtual = 37347
INFO: [Route 35-416] Intermediate Timing Summary | WNS=13.647 | TNS=0.000  | WHS=-0.143 | THS=-13.586|


Router Utilization Summary
  Global Vertical Routing Utilization    = 0 %
  Global Horizontal Routing Utilization  = 0 %
  Routable Net Status*
  *Does not include unroutable nets such as driverless and loadless.
  Run report_route_status for detailed report.
  Number of Failed Nets               = 1192
    (Failed Nets is the sum of unrouted and partially routed nets)
  Number of Unrouted Nets             = 1192
  Number of Partially Routed Nets     = 0
  Number of Node Overlaps             = 0

Phase 2 Router Initialization | Checksum: 27b20c3cc

Time (s): cpu = 00:00:08 ; elapsed = 00:00:07 . Memory (MB): peak = 3240.566 ; gain = 51.047 ; free physical = 16657 ; free virtual = 37343

Phase 3 Global Routing
Phase 3 Global Routing | Checksum: 27b20c3cc

Time (s): cpu = 00:00:08 ; elapsed = 00:00:07 . Memory (MB): peak = 3240.566 ; gain = 51.047 ; free physical = 16657 ; free virtual = 37343

Phase 4 Initial Routing

Phase 4.1 Initial Net Routing Pass
Phase 4.1 Initial Net Routing Pass | Checksum: 1ec1d5d46

Time (s): cpu = 00:00:09 ; elapsed = 00:00:07 . Memory (MB): peak = 3240.566 ; gain = 51.047 ; free physical = 16657 ; free virtual = 37343
Phase 4 Initial Routing | Checksum: 1ec1d5d46

Time (s): cpu = 00:00:09 ; elapsed = 00:00:07 . Memory (MB): peak = 3240.566 ; gain = 51.047 ; free physical = 16657 ; free virtual = 37343

Phase 5 Rip-up And Reroute

Phase 5.1 Global Iteration 0
 Number of Nodes with overlaps = 53
 Number of Nodes with overlaps = 0
INFO: [Route 35-416] Intermediate Timing Summary | WNS=13.558 | TNS=0.000  | WHS=N/A    | THS=N/A    |

Phase 5.1 Global Iteration 0 | Checksum: 30a9b8d8e

Time (s): cpu = 00:00:09 ; elapsed = 00:00:07 . Memory (MB): peak = 3240.566 ; gain = 51.047 ; free physical = 16657 ; free virtual = 37343

Phase 5.2 Global Iteration 1
 Number of Nodes with overlaps = 3
 Number of Nodes with overlaps = 0
INFO: [Route 35-416] Intermediate Timing Summary | WNS=13.558 | TNS=0.000  | WHS=N/A    | THS=N/A    |

Phase 5.2 Global Iteration 1 | Checksum: 3048cd4ad

Time (s): cpu = 00:00:09 ; elapsed = 00:00:07 . Memory (MB): peak = 3240.566 ; gain = 51.047 ; free physical = 16657 ; free virtual = 37343
Phase 5 Rip-up And Reroute | Checksum: 3048cd4ad

Time (s): cpu = 00:00:09 ; elapsed = 00:00:07 . Memory (MB): peak = 3240.566 ; gain = 51.047 ; free physical = 16657 ; free virtual = 37343

Phase 6 Delay and Skew Optimization

Phase 6.1 Delay CleanUp
Phase 6.1 Delay CleanUp | Checksum: 3048cd4ad

Time (s): cpu = 00:00:09 ; elapsed = 00:00:07 . Memory (MB): peak = 3240.566 ; gain = 51.047 ; free physical = 16657 ; free virtual = 37343

Phase 6.2 Clock Skew Optimization
Phase 6.2 Clock Skew Optimization | Checksum: 3048cd4ad

Time (s): cpu = 00:00:09 ; elapsed = 00:00:07 . Memory (MB): peak = 3240.566 ; gain = 51.047 ; free physical = 16657 ; free virtual = 37343
Phase 6 Delay and Skew Optimization | Checksum: 3048cd4ad

Time (s): cpu = 00:00:09 ; elapsed = 00:00:07 . Memory (MB): peak = 3240.566 ; gain = 51.047 ; free physical = 16657 ; free virtual = 37343

Phase 7 Post Hold Fix

Phase 7.1 Hold Fix Iter
INFO: [Route 35-416] Intermediate Timing Summary | WNS=13.558 | TNS=0.000  | WHS=0.075  | THS=0.000  |

Phase 7.1 Hold Fix Iter | Checksum: 2962e00d2

Time (s): cpu = 00:00:09 ; elapsed = 00:00:07 . Memory (MB): peak = 3240.566 ; gain = 51.047 ; free physical = 16657 ; free virtual = 37343
Phase 7 Post Hold Fix | Checksum: 2962e00d2

Time (s): cpu = 00:00:09 ; elapsed = 00:00:07 . Memory (MB): peak = 3240.566 ; gain = 51.047 ; free physical = 16657 ; free virtual = 37343

Phase 8 Route finalize

Router Utilization Summary
  Global Vertical Routing Utilization    = 0.244932 %
  Global Horizontal Routing Utilization  = 0.503447 %
  Routable Net Status*
  *Does not include unroutable nets such as driverless and loadless.
  Run report_route_status for detailed report.
  Number of Failed Nets               = 0
    (Failed Nets is the sum of unrouted and partially routed nets)
  Number of Unrouted Nets             = 0
  Number of Partially Routed Nets     = 0
  Number of Node Overlaps             = 0

Phase 8 Route finalize | Checksum: 2962e00d2

Time (s): cpu = 00:00:09 ; elapsed = 00:00:07 . Memory (MB): peak = 3240.566 ; gain = 51.047 ; free physical = 16657 ; free virtual = 37343

Phase 9 Verifying routed nets

 Verification completed successfully
Phase 9 Verifying routed nets | Checksum: 2962e00d2

Time (s): cpu = 00:00:09 ; elapsed = 00:00:07 . Memory (MB): peak = 3240.566 ; gain = 51.047 ; free physical = 16657 ; free virtual = 37343

Phase 10 Depositing Routes
Phase 10 Depositing Routes | Checksum: 2a5e9f1ab

Time (s): cpu = 00:00:09 ; elapsed = 00:00:08 . Memory (MB): peak = 3240.566 ; gain = 51.047 ; free physical = 16657 ; free virtual = 37343

Phase 11 Post Process Routing
Phase 11 Post Process Routing | Checksum: 2a5e9f1ab

Time (s): cpu = 00:00:09 ; elapsed = 00:00:08 . Memory (MB): peak = 3240.566 ; gain = 51.047 ; free physical = 16657 ; free virtual = 37343

Phase 12 Post Router Timing
INFO: [Route 35-57] Estimated Timing Summary | WNS=13.558 | TNS=0.000  | WHS=0.075  | THS=0.000  |

INFO: [Route 35-327] The final timing numbers are based on the router estimated timing analysis. For a complete and accurate timing signoff, please run report_timing_summary.
Phase 12 Post Router Timing | Checksum: 2a5e9f1ab

Time (s): cpu = 00:00:09 ; elapsed = 00:00:08 . Memory (MB): peak = 3240.566 ; gain = 51.047 ; free physical = 16657 ; free virtual = 37343
Total Elapsed time in route_design: 7.55 secs

Phase 13 Post-Route Event Processing
Phase 13 Post-Route Event Processing | Checksum: 2930633ef

Time (s): cpu = 00:00:09 ; elapsed = 00:00:08 . Memory (MB): peak = 3240.566 ; gain = 51.047 ; free physical = 16657 ; free virtual = 37343
INFO: [Route 35-16] Router Completed Successfully
Ending Routing Task | Checksum: 2930633ef

Time (s): cpu = 00:00:09 ; elapsed = 00:00:08 . Memory (MB): peak = 3240.566 ; gain = 51.047 ; free physical = 16657 ; free virtual = 37343

Routing Is Done.
INFO: [Common 17-83] Releasing license: Implementation
99 Infos, 0 Warnings, 0 Critical Warnings and 0 Errors encountered.
route_design completed successfully
route_design: Time (s): cpu = 00:00:09 ; elapsed = 00:00:08 . Memory (MB): peak = 3240.566 ; gain = 51.047 ; free physical = 16657 ; free virtual = 37343
INFO: [Vivado 12-24828] Executing command : report_drc -file design_1_wrapper_drc_routed.rpt -pb design_1_wrapper_drc_routed.pb -rpx design_1_wrapper_drc_routed.rpx
Command: report_drc -file design_1_wrapper_drc_routed.rpt -pb design_1_wrapper_drc_routed.pb -rpx design_1_wrapper_drc_routed.rpx
INFO: [IP_Flow 19-1839] IP Catalog is up to date.
INFO: [DRC 23-27] Running DRC with 8 threads
INFO: [Vivado_Tcl 2-168] The results of DRC are in file /home/master26/ems26/e.chinnaya/Documents/plane_1/plane_1.runs/impl_1/design_1_wrapper_drc_routed.rpt.
report_drc completed successfully
INFO: [Vivado 12-24828] Executing command : report_methodology -file design_1_wrapper_methodology_drc_routed.rpt -pb design_1_wrapper_methodology_drc_routed.pb -rpx design_1_wrapper_methodology_drc_routed.rpx
Command: report_methodology -file design_1_wrapper_methodology_drc_routed.rpt -pb design_1_wrapper_methodology_drc_routed.pb -rpx design_1_wrapper_methodology_drc_routed.rpx
INFO: [Timing 38-35] Done setting XDC timing constraints.
INFO: [DRC 23-133] Running Methodology with 8 threads
INFO: [Vivado_Tcl 2-1520] The results of Report Methodology are in file /home/master26/ems26/e.chinnaya/Documents/plane_1/plane_1.runs/impl_1/design_1_wrapper_methodology_drc_routed.rpt.
report_methodology completed successfully
INFO: [Vivado 12-24828] Executing command : report_timing_summary -max_paths 10 -report_unconstrained -file design_1_wrapper_timing_summary_routed.rpt -pb design_1_wrapper_timing_summary_routed.pb -rpx design_1_wrapper_timing_summary_routed.rpx -warn_on_violation 
INFO: [Timing 38-35] Done setting XDC timing constraints.
INFO: [Timing 38-91] UpdateTimingParams: Speed grade: -1, Delay Type: min_max.
INFO: [Timing 38-191] Multithreading enabled for timing update using a maximum of 8 CPUs
INFO: [Vivado 12-24838] Running report commands "report_bus_skew, report_incremental_reuse, report_route_status" in parallel.
Running report generation with 3 threads.
INFO: [Vivado 12-24828] Executing command : report_incremental_reuse -file design_1_wrapper_incremental_reuse_routed.rpt
INFO: [Vivado_Tcl 4-1062] Incremental flow is disabled. No incremental reuse Info to report.
INFO: [Vivado 12-24828] Executing command : report_bus_skew -warn_on_violation -file design_1_wrapper_bus_skew_routed.rpt -pb design_1_wrapper_bus_skew_routed.pb -rpx design_1_wrapper_bus_skew_routed.rpx
INFO: [Timing 38-91] UpdateTimingParams: Speed grade: -1, Delay Type: min_max.
INFO: [Timing 38-191] Multithreading enabled for timing update using a maximum of 8 CPUs
INFO: [Vivado 12-24828] Executing command : report_route_status -file design_1_wrapper_route_status.rpt -pb design_1_wrapper_route_status.pb
INFO: [Vivado 12-24828] Executing command : report_power -file design_1_wrapper_power_routed.rpt -pb design_1_wrapper_power_summary_routed.pb -rpx design_1_wrapper_power_routed.rpx
Command: report_power -file design_1_wrapper_power_routed.rpt -pb design_1_wrapper_power_summary_routed.pb -rpx design_1_wrapper_power_routed.rpx
Running Vector-less Activity Propagation...

Finished Running Vector-less Activity Propagation
119 Infos, 0 Warnings, 0 Critical Warnings and 0 Errors encountered.
report_power completed successfully
INFO: [Vivado 12-24828] Executing command : report_clock_utilization -file design_1_wrapper_clock_utilization_routed.rpt
INFO: [Timing 38-480] Writing timing data to binary archive.
Write ShapeDB Complete: Time (s): cpu = 00:00:00.01 ; elapsed = 00:00:00.01 . Memory (MB): peak = 3422.199 ; gain = 0.000 ; free physical = 16503 ; free virtual = 37190
Wrote PlaceDB: Time (s): cpu = 00:00:00.16 ; elapsed = 00:00:00.05 . Memory (MB): peak = 3422.199 ; gain = 0.000 ; free physical = 16502 ; free virtual = 37190
Wrote PulsedLatchDB: Time (s): cpu = 00:00:00 ; elapsed = 00:00:00 . Memory (MB): peak = 3422.199 ; gain = 0.000 ; free physical = 16501 ; free virtual = 37189
Writing XDEF routing.
Writing XDEF routing logical nets.
Writing XDEF routing special nets.
Wrote RouteStorage: Time (s): cpu = 00:00:00.08 ; elapsed = 00:00:00.03 . Memory (MB): peak = 3422.199 ; gain = 0.000 ; free physical = 16501 ; free virtual = 37189
Wrote Netlist Cache: Time (s): cpu = 00:00:00 ; elapsed = 00:00:00 . Memory (MB): peak = 3422.199 ; gain = 0.000 ; free physical = 16501 ; free virtual = 37189
Wrote Device Cache: Time (s): cpu = 00:00:00.01 ; elapsed = 00:00:00 . Memory (MB): peak = 3422.199 ; gain = 0.000 ; free physical = 16499 ; free virtual = 37188
Write Physdb Complete: Time (s): cpu = 00:00:00.32 ; elapsed = 00:00:00.12 . Memory (MB): peak = 3422.199 ; gain = 0.000 ; free physical = 16498 ; free virtual = 37188
INFO: [Common 17-1381] The checkpoint '/home/master26/ems26/e.chinnaya/Documents/plane_1/plane_1.runs/impl_1/design_1_wrapper_routed.dcp' has been generated.
Command: write_bitstream -force design_1_wrapper.bit
Attempting to get a license for feature 'Implementation' and/or device 'xc7z010'
INFO: [Common 17-349] Got license for feature 'Implementation' and/or device 'xc7z010'
Running DRC as a precondition to command write_bitstream
INFO: [IP_Flow 19-1839] IP Catalog is up to date.
INFO: [DRC 23-27] Running DRC with 8 threads
INFO: [Vivado 12-3199] DRC finished with 0 Errors
INFO: [Vivado 12-3200] Please refer to the DRC report (report_drc) for more information.
INFO: [Designutils 20-2272] Running write_bitstream with 8 threads.
Loading data files...
Loading site data...
Loading route data...
Processing options...
Creating bitmap...
Creating bitstream...
Writing bitstream ./design_1_wrapper.bit...
INFO: [Vivado 12-1842] Bitgen Completed Successfully.
INFO: [Project 1-1876] WebTalk data collection is mandatory when using a ULT device. To see the specific WebTalk data collected for your design, open the usage_statistics_webtalk.html or usage_statistics_webtalk.xml file in the implementation directory.
INFO: [Common 17-83] Releasing license: Implementation
131 Infos, 0 Warnings, 0 Critical Warnings and 0 Errors encountered.
write_bitstream completed successfully
write_bitstream: Time (s): cpu = 00:00:11 ; elapsed = 00:00:16 . Memory (MB): peak = 3656.277 ; gain = 202.062 ; free physical = 16186 ; free virtual = 36875
INFO: [Common 17-206] Exiting Vivado at Fri Dec 19 17:43:40 2025...
